{
    "date": "2019-05-26 00:02:52",
    "customerList": {
        "80": "male",
        "79": "male",
        "78": "female",
        "77": "female",
        "76": "female",
        "75": "female",
        "74": "female",
        "73": "female",
        "72": "female",
        "71": "female",
        "70": "female",
        "69": "female",
        "68": "male",
        "67": "female",
        "66": "male",
        "65": "female",
        "64": "female",
        "63": "female",
        "62": "female"
    }
}