{
    "date": "2019-05-26 00:02:52",
    "customerId": 80,
    "response": [
        200,
        true,
        "not errors"
    ]
}{
    "date": "2019-05-26 00:02:53",
    "customerId": 79,
    "response": [
        200,
        true,
        "not errors"
    ]
}{
    "date": "2019-05-26 00:02:53",
    "customerId": 78,
    "response": [
        200,
        true,
        "not errors"
    ]
}{
    "date": "2019-05-26 00:02:53",
    "customerId": 77,
    "response": [
        200,
        true,
        "not errors"
    ]
}{
    "date": "2019-05-26 00:02:54",
    "customerId": 76,
    "response": [
        200,
        true,
        "not errors"
    ]
}{
    "date": "2019-05-26 00:02:54",
    "customerId": 75,
    "response": [
        200,
        true,
        "not errors"
    ]
}{
    "date": "2019-05-26 00:02:55",
    "customerId": 74,
    "response": [
        200,
        true,
        "not errors"
    ]
}{
    "date": "2019-05-26 00:02:55",
    "customerId": 73,
    "response": [
        200,
        true,
        "not errors"
    ]
}{
    "date": "2019-05-26 00:02:55",
    "customerId": 72,
    "response": [
        200,
        true,
        "not errors"
    ]
}{
    "date": "2019-05-26 00:02:56",
    "customerId": 71,
    "response": [
        200,
        true,
        "not errors"
    ]
}{
    "date": "2019-05-26 00:02:56",
    "customerId": 70,
    "response": [
        200,
        true,
        "not errors"
    ]
}{
    "date": "2019-05-26 00:02:57",
    "customerId": 69,
    "response": [
        200,
        true,
        "not errors"
    ]
}{
    "date": "2019-05-26 00:02:57",
    "customerId": 68,
    "response": [
        200,
        true,
        "not errors"
    ]
}{
    "date": "2019-05-26 00:02:57",
    "customerId": 67,
    "response": [
        200,
        true,
        "not errors"
    ]
}{
    "date": "2019-05-26 00:02:58",
    "customerId": 66,
    "response": [
        200,
        true,
        "not errors"
    ]
}{
    "date": "2019-05-26 00:02:58",
    "customerId": 65,
    "response": [
        200,
        true,
        "not errors"
    ]
}{
    "date": "2019-05-26 00:02:59",
    "customerId": 64,
    "response": [
        200,
        true,
        "not errors"
    ]
}{
    "date": "2019-05-26 00:02:59",
    "customerId": 63,
    "response": [
        200,
        true,
        "not errors"
    ]
}{
    "date": "2019-05-26 00:02:59",
    "customerId": 62,
    "response": [
        200,
        true,
        "not errors"
    ]
}